<?xml version="1.0" encoding="UTF-8"?>
<testng-results ignored="0" total="1" passed="1" failed="0" skipped="0">
  <reporter-output>
  </reporter-output>
  <suite started-at="2024-02-21T11:25:10 IST" name="Default suite" finished-at="2024-02-21T11:25:19 IST" duration-ms="9365">
    <groups>
    </groups>
    <test started-at="2024-02-21T11:25:10 IST" name="Default test" finished-at="2024-02-21T11:25:19 IST" duration-ms="9365">
      <class name="org.maya.ExtentReportCheck.ReportCheck">
        <test-method is-config="true" signature="initReport()[pri:0, instance:org.maya.ExtentReportCheck.ReportCheck@63376bed]" started-at="2024-02-21T11:25:10 IST" name="initReport" finished-at="2024-02-21T11:25:10 IST" duration-ms="516" status="PASS">
          <reporter-output>
          </reporter-output>
        </test-method> <!-- initReport -->
        <test-method signature="Test1()[pri:0, instance:org.maya.ExtentReportCheck.ReportCheck@63376bed]" started-at="2024-02-21T11:25:10 IST" name="Test1" finished-at="2024-02-21T11:25:19 IST" duration-ms="8773" status="PASS">
          <reporter-output>
          </reporter-output>
        </test-method> <!-- Test1 -->
      </class> <!-- org.maya.ExtentReportCheck.ReportCheck -->
    </test> <!-- Default test -->
  </suite> <!-- Default suite -->
</testng-results>
